<?xml version="1.0" ?>
<coverage version="6.3.2" timestamp="1649495345151" lines-valid="3" lines-covered="0" line-rate="0" branches-covered="0" branches-valid="0" branch-rate="0" complexity="0">
	<!-- Generated by coverage.py: https://coverage.readthedocs.io -->
	<!-- Based on https://raw.githubusercontent.com/cobertura/web/master/htdocs/xml/coverage-04.dtd -->
	<sources>
		<source>/home/audwns27/py_fuzz/examples/pybuilder/test/src/main/python</source>
	</sources>
	<packages>
		<package name="." line-rate="0" branch-rate="0" complexity="0">
			<classes>
				<class name="helloworld.py" filename="/helloworld.py" complexity="0" line-rate="0" branch-rate="0">
					<methods/>
					<lines>
						<line number="1" hits="0"/>
						<line number="3" hits="0"/>
						<line number="4" hits="0"/>
					</lines>
				</class>
			</classes>
		</package>
	</packages>
</coverage>
